2017-07-02 18:41:13,608 [main ] INFO  Constant - Copying defaults from /opt/applic/ZAP_2.6.0/./xml/config.xml to /home/hacker/.ZAP/config.xml
2017-07-02 18:41:13,610 [main ] INFO  Constant - Creating directory /home/hacker/.ZAP/session
2017-07-02 18:41:13,610 [main ] INFO  Constant - Creating directory /home/hacker/.ZAP/dirbuster
2017-07-02 18:41:13,610 [main ] INFO  Constant - Creating directory /home/hacker/.ZAP/fuzzers
2017-07-02 18:41:13,611 [main ] INFO  Constant - Creating directory /home/hacker/.ZAP/plugin
2017-07-02 18:41:13,611 [main ] INFO  Constant - Creating directory: /home/hacker/.ZAP/filter
2017-07-02 18:41:14,036 [main ] INFO  Constant - Backing up config file to /home/hacker/.ZAP/config.xml.bak
2017-07-02 18:41:14,055 [main ] INFO  Constant - Upgraded from 1004000
2017-07-02 18:41:14,218 [main ] INFO  GuiBootstrap - OWASP ZAP 2.6.0 started 02/07/17 18:41:14
2017-07-02 18:41:27,578 [AWT-EventQueue-0] INFO  SSLConnector - Reading supported SSL/TLS protocols...
2017-07-02 18:41:27,578 [AWT-EventQueue-0] INFO  SSLConnector - Using a SSLEngine...
2017-07-02 18:41:27,741 [AWT-EventQueue-0] INFO  SSLConnector - Done reading supported SSL/TLS protocols: [SSLv2Hello, SSLv3, TLSv1, TLSv1.1, TLSv1.2]
2017-07-02 18:41:27,743 [AWT-EventQueue-0] INFO  OptionsParamCertificate - Unsafe SSL renegotiation disabled.
2017-07-02 18:41:28,201 [AWT-EventQueue-0] INFO  ENGINE - open start - state not modified
2017-07-02 18:41:28,437 [AWT-EventQueue-0] INFO  ENGINE - dataFileCache open start
2017-07-02 18:41:28,486 [AWT-EventQueue-0] INFO  ENGINE - dataFileCache open end
2017-07-02 18:41:28,588 [AWT-EventQueue-0] INFO  View - Initialising View
2017-07-02 18:41:29,676 [ZAP-BootstrapGUI] INFO  ExtensionFactory - Loading extensions
2017-07-02 18:41:31,995 [ZAP-BootstrapGUI] INFO  ExtensionFactory - Installed add-ons: [[id=reveal, fileVersion=2], [id=jxbrowserlinux64, fileVersion=1], [id=ascanrules, fileVersion=26], [id=fuzz, fileVersion=8, version=2.0.1], [id=onlineMenu, fileVersion=5], [id=saverawmessage, fileVersion=3], [id=directorylistv1, fileVersion=3], [id=alertFilters, fileVersion=4], [id=help, fileVersion=7], [id=invoke, fileVersion=6], [id=gettingStarted, fileVersion=6], [id=pscanrules, fileVersion=19], [id=jxbrowser, fileVersion=2], [id=zest, fileVersion=23], [id=quickstart, fileVersion=19], [id=scripts, fileVersion=18], [id=coreLang, fileVersion=11], [id=tips, fileVersion=6], [id=bruteforce, fileVersion=6], [id=replacer, fileVersion=2], [id=spiderAjax, fileVersion=17], [id=diff, fileVersion=7], [id=selenium, fileVersion=10, version=1.1.0], [id=webdriverlinux, fileVersion=2], [id=websocket, fileVersion=12], [id=jxbrowserlinux32, fileVersion=1]]
2017-07-02 18:41:32,595 [ZAP-BootstrapGUI] INFO  ExtensionFactory - Extensions loaded
2017-07-02 18:41:33,051 [ZAP-BootstrapGUI] INFO  FilterFactory - loaded filter Change user agent to other browsers. 
2017-07-02 18:41:33,052 [ZAP-BootstrapGUI] INFO  FilterFactory - loaded filter Detect insecure or potentially malicious content in HTTP responses.
2017-07-02 18:41:33,052 [ZAP-BootstrapGUI] INFO  FilterFactory - loaded filter Detect and alert 'Set-cookie' attempt in HTTP response for modification.
2017-07-02 18:41:33,052 [ZAP-BootstrapGUI] INFO  FilterFactory - loaded filter Avoid browser cache (strip off IfModifiedSince)
2017-07-02 18:41:33,052 [ZAP-BootstrapGUI] INFO  FilterFactory - loaded filter Log cookies sent by browser.
2017-07-02 18:41:33,052 [ZAP-BootstrapGUI] INFO  FilterFactory - loaded filter Log unique GET queries into file:filter/get.xls
2017-07-02 18:41:33,052 [ZAP-BootstrapGUI] INFO  FilterFactory - loaded filter Log unique POST queries into file:  filter/post.xls
2017-07-02 18:41:33,052 [ZAP-BootstrapGUI] INFO  FilterFactory - loaded filter Log request and response into file: filter/message.txt
2017-07-02 18:41:33,053 [ZAP-BootstrapGUI] INFO  FilterFactory - loaded filter Replace HTTP request body using defined pattern.
2017-07-02 18:41:33,053 [ZAP-BootstrapGUI] INFO  FilterFactory - loaded filter Replace HTTP request header using defined pattern.
2017-07-02 18:41:33,053 [ZAP-BootstrapGUI] INFO  FilterFactory - loaded filter Replace HTTP response body using defined pattern.
2017-07-02 18:41:33,053 [ZAP-BootstrapGUI] INFO  FilterFactory - loaded filter Replace HTTP response header using defined pattern.
2017-07-02 18:41:33,053 [ZAP-BootstrapGUI] INFO  FilterFactory - loaded filter Send ZAP session request ID
2017-07-02 18:41:35,204 [ZAP-BootstrapGUI] INFO  ExtensionLoader - Initializing Allows ZAP to check for updates
2017-07-02 18:41:35,457 [ZAP-BootstrapGUI] INFO  ExtensionLoader - Initializing ExtensionViewOption
2017-07-02 18:41:36,044 [ZAP-BootstrapGUI] INFO  ExtensionLoader - Initializing ExtensionEdit
2017-07-02 18:41:36,156 [ZAP-BootstrapGUI] INFO  ExtensionLoader - Initializing ExtensionFilter
2017-07-02 18:41:36,190 [ZAP-BootstrapGUI] INFO  ExtensionLoader - Initializing Provides a rest based API for controlling and accessing ZAP
2017-07-02 18:41:36,359 [ZAP-BootstrapGUI] INFO  ExtensionLoader - Initializing ExtensionState
2017-07-02 18:41:36,377 [ZAP-BootstrapGUI] INFO  ExtensionLoader - Initializing ExtensionReport
2017-07-02 18:41:36,413 [ZAP-BootstrapGUI] INFO  ExtensionLoader - Initializing ExtensionHistory
2017-07-02 18:41:36,871 [ZAP-BootstrapGUI] INFO  ExtensionLoader - Initializing Show hidden fields and enable disabled fields
2017-07-02 18:41:36,962 [ZAP-BootstrapGUI] INFO  ExtensionLoader - Initializing Search messages for strings and regular expressions 
2017-07-02 18:41:37,107 [ZAP-BootstrapGUI] INFO  ExtensionLoader - Initializing Encode/Decode/Hash...
2017-07-02 18:41:37,167 [ZAP-BootstrapGUI] INFO  ExtensionLoader - Initializing Allows you to intercept and modify requests and responses
2017-07-02 18:41:37,602 [ZAP-BootstrapGUI] INFO  ExtensionLoader - Initializing Passive scanner
2017-07-02 18:41:37,690 [ZAP-BootstrapGUI] INFO  ExtensionPassiveScan - loaded passive scan rule: Script Passive Scan Rules
2017-07-02 18:41:37,693 [ZAP-BootstrapGUI] INFO  ExtensionPassiveScan - loaded passive scan rule: Stats Passive Scan Rule
2017-07-02 18:41:37,695 [ZAP-BootstrapGUI] INFO  ExtensionPassiveScan - loaded passive scan rule: Application Error Disclosure
2017-07-02 18:41:37,695 [ZAP-BootstrapGUI] INFO  ExtensionPassiveScan - loaded passive scan rule: Incomplete or No Cache-control and Pragma HTTP Header Set
2017-07-02 18:41:37,696 [ZAP-BootstrapGUI] INFO  ExtensionPassiveScan - loaded passive scan rule: Content-Type Header Missing
2017-07-02 18:41:37,698 [ZAP-BootstrapGUI] INFO  ExtensionPassiveScan - loaded passive scan rule: Cookie No HttpOnly Flag
2017-07-02 18:41:37,702 [ZAP-BootstrapGUI] INFO  ExtensionPassiveScan - loaded passive scan rule: Cookie Without Secure Flag
2017-07-02 18:41:37,708 [ZAP-BootstrapGUI] INFO  ExtensionPassiveScan - loaded passive scan rule: Cross-Domain JavaScript Source File Inclusion
2017-07-02 18:41:37,711 [ZAP-BootstrapGUI] INFO  ExtensionPassiveScan - loaded passive scan rule: Web Browser XSS Protection Not Enabled
2017-07-02 18:41:37,712 [ZAP-BootstrapGUI] INFO  ExtensionPassiveScan - loaded passive scan rule: Secure Pages Include Mixed Content
2017-07-02 18:41:37,713 [ZAP-BootstrapGUI] INFO  ExtensionPassiveScan - loaded passive scan rule: Password Autocomplete in Browser
2017-07-02 18:41:37,714 [ZAP-BootstrapGUI] INFO  ExtensionPassiveScan - loaded passive scan rule: Private IP Disclosure
2017-07-02 18:41:37,715 [ZAP-BootstrapGUI] INFO  ExtensionPassiveScan - loaded passive scan rule: Session ID in URL Rewrite
2017-07-02 18:41:37,716 [ZAP-BootstrapGUI] INFO  ExtensionPassiveScan - loaded passive scan rule: X-Content-Type-Options Header Missing
2017-07-02 18:41:37,731 [ZAP-BootstrapGUI] INFO  ExtensionPassiveScan - loaded passive scan rule: X-Frame-Options Header Scanner
2017-07-02 18:41:37,812 [ZAP-BootstrapGUI] INFO  ExtensionLoader - Initializing Allows you to view and manage alerts
2017-07-02 18:41:37,878 [ZAP-BootstrapGUI] INFO  ExtensionLoader - Initializing Active scanner, heavily based on the original Paros active scanner, but with additional tests added
2017-07-02 18:41:38,102 [ZAP-BootstrapGUI] INFO  ExtensionLoader - Initializing Spider used for automatically finding URIs on a site
2017-07-02 18:41:38,275 [ZAP-BootstrapGUI] INFO  ExtensionLoader - Initializing A set of common popup menus for miscellaneous tasks
2017-07-02 18:41:38,290 [ZAP-BootstrapGUI] INFO  ExtensionLoader - Initializing Forced browsing of files and directories using code from the OWASP DirBuster tool
2017-07-02 18:41:38,502 [ZAP-BootstrapGUI] INFO  ExtensionLoader - Initializing ExtensionManualRequest
2017-07-02 18:41:38,505 [ZAP-BootstrapGUI] INFO  ExtensionLoader - Initializing Compares 2 sessions and generates an HTML file showing the differences
2017-07-02 18:41:38,533 [ZAP-BootstrapGUI] INFO  ExtensionLoader - Initializing Invoke external applications passing context related information such as URLs and parameters
2017-07-02 18:41:38,625 [ZAP-BootstrapGUI] INFO  ExtensionLoader - Initializing Handles anti cross site request forgery (CSRF) tokens
2017-07-02 18:41:38,649 [ZAP-BootstrapGUI] INFO  ExtensionLoader - Initializing ExtensionAuthentication
2017-07-02 18:41:38,682 [ZAP-BootstrapGUI] INFO  ExtensionAuthentication - Loaded authentication method types: [Form-based Authentication, HTTP/NTLM Authentication, Manual Authentication, Script-based Authentication]
2017-07-02 18:41:38,687 [ZAP-BootstrapGUI] INFO  ExtensionLoader - Initializing Creates a dynamic SSL certificate to allow SSL communications to be intercepted without warnings being generated by the browser
2017-07-02 18:41:38,734 [ZAP-BootstrapGUI] INFO  ExtensionLoader - Initializing Logs errors to the Output tab in development mode only
2017-07-02 18:41:38,737 [ZAP-BootstrapGUI] INFO  ExtensionLoader - Initializing ExtensionUserManagement
2017-07-02 18:41:38,745 [ZAP-BootstrapGUI] INFO  ExtensionLoader - Initializing Summarise and analyse FORM and URL parameters as well as cookies
2017-07-02 18:41:38,823 [ZAP-BootstrapGUI] INFO  ExtensionLoader - Initializing Script integration
2017-07-02 18:41:38,872 [ZAP-BootstrapGUI] INFO  ExtensionLoader - Initializing Scripting console, supports all JSR 223 scripting languages
2017-07-02 18:41:39,536 [ZAP-BootstrapGUI] INFO  ExtensionLoader - Initializing ExtensionForcedUser
2017-07-02 18:41:39,555 [ZAP-BootstrapGUI] INFO  ExtensionLoader - Initializing Extension handling HTTP sessions
2017-07-02 18:41:39,745 [ZAP-BootstrapGUI] INFO  ExtensionLoader - Initializing Zest is a specialized scripting language from Mozilla specifically designed to be used in security tools
2017-07-02 18:41:40,592 [ZAP-BootstrapGUI] INFO  ExtensionLoader - Initializing ExtensionDiff
2017-07-02 18:41:40,641 [ZAP-BootstrapGUI] INFO  ExtensionLoader - Initializing ExtensionRequestPostTableView
2017-07-02 18:41:40,725 [ZAP-BootstrapGUI] INFO  ExtensionLoader - Initializing ExtensionSessionManagement
2017-07-02 18:41:40,729 [ZAP-BootstrapGUI] INFO  ExtensionSessionManagement - Loaded session management method types: [Cookie-based Session Management, HTTP Authentication Session Management]
2017-07-02 18:41:40,753 [ZAP-BootstrapGUI] INFO  ExtensionLoader - Initializing ExtensionHttpPanelRequestFormTableView
2017-07-02 18:41:40,907 [ZAP-BootstrapGUI] INFO  ExtensionLoader - Initializing Capture messages from WebSockets with the ability to set breakpoints.
2017-07-02 18:41:41,447 [ZAP-BootstrapGUI] INFO  ExtensionLoader - Initializing Core UI related functionality.
2017-07-02 18:41:41,453 [ZAP-BootstrapGUI] INFO  ExtensionLoader - Initializing ExtensionAuthorization
2017-07-02 18:41:41,461 [ZAP-BootstrapGUI] INFO  ExtensionLoader - Initializing AJAX Spider, uses Crawljax
2017-07-02 18:41:41,686 [ZAP-BootstrapGUI] INFO  ExtensionLoader - Initializing Handles adding Global Excluded URLs
2017-07-02 18:41:41,707 [ZAP-BootstrapGUI] INFO  ExtensionLoader - Initializing Adds menu item to refresh the Sites tree
2017-07-02 18:41:41,714 [ZAP-BootstrapGUI] INFO  ExtensionLoader - Initializing Adds support for configurable keyboard shortcuts for all of the ZAP menus.
2017-07-02 18:41:41,773 [ZAP-BootstrapGUI] INFO  ExtensionKeyboard - Initializing keyboard shortcuts
2017-07-02 18:41:41,792 [ZAP-BootstrapGUI] INFO  ExtensionLoader - Initializing OWASP ZAP User Guide
2017-07-02 18:41:41,803 [ZAP-BootstrapGUI] INFO  ExtensionLoader - Initializing Provides a URL suitable for calling from target sites
2017-07-02 18:41:41,836 [ZAP-BootstrapGUI] INFO  ExtensionLoader - Initializing Allows you to configure which extensions are loaded when ZAP starts 
2017-07-02 18:41:41,868 [ZAP-BootstrapGUI] INFO  ExtensionLoader - Initializing ExtensionHttpPanelComponentonentAll
2017-07-02 18:41:41,991 [ZAP-BootstrapGUI] INFO  ExtensionLoader - Initializing ExtensionHttpPanelHexView
2017-07-02 18:41:42,109 [ZAP-BootstrapGUI] INFO  ExtensionLoader - Initializing ExtensionHttpPanelImageView
2017-07-02 18:41:42,146 [ZAP-BootstrapGUI] INFO  ExtensionLoader - Initializing ExtensionHttpPanelLargeRequestView
2017-07-02 18:41:42,210 [ZAP-BootstrapGUI] INFO  ExtensionLoader - Initializing ExtensionHttpPanelLargeResponseView
2017-07-02 18:41:42,233 [ZAP-BootstrapGUI] INFO  ExtensionLoader - Initializing ExtensionHttpPanelRequestQueryCookieTableView
2017-07-02 18:41:42,264 [ZAP-BootstrapGUI] INFO  ExtensionLoader - Initializing ExtensionHttpPanelSyntaxHighlightTextView
2017-07-02 18:41:42,557 [ZAP-BootstrapGUI] INFO  ExtensionLoader - Initializing Active and passive rule configuration
2017-07-02 18:41:42,569 [ZAP-BootstrapGUI] INFO  ExtensionLoader - Initializing Statistics
2017-07-02 18:41:42,598 [ZAP-BootstrapGUI] INFO  ExtensionStats - Start recording in memory stats
2017-07-02 18:41:42,599 [ZAP-BootstrapGUI] INFO  ExtensionLoader - Initializing ExtensionJxBrowserLinux64
2017-07-02 18:41:42,614 [ZAP-BootstrapGUI] INFO  ExtensionLoader - Initializing ExtSelJxBrowserLinux64
2017-07-02 18:41:42,652 [ZAP-BootstrapGUI] INFO  ExtensionLoader - Initializing Active Scan Rules
2017-07-02 18:41:42,664 [ZAP-BootstrapGUI] INFO  ExtensionLoader - Initializing Provides the foundation for concrete message types (for example, HTTP, WebSockets) expose fuzzer implementations.
2017-07-02 18:41:42,708 [ZAP-BootstrapGUI] INFO  ExtensionLoader - Initializing Allows to fuzz HTTP messages.
2017-07-02 18:41:42,832 [ZAP-BootstrapGUI] INFO  ExtensionLoader - Initializing The Online menu links
2017-07-02 18:41:42,868 [ZAP-BootstrapGUI] INFO  ExtensionLoader - Initializing ExtensionSaveRawHttpMessage
2017-07-02 18:41:42,887 [ZAP-BootstrapGUI] INFO  ExtensionLoader - Initializing Context alert rules filter
2017-07-02 18:41:42,892 [ZAP-BootstrapGUI] INFO  ExtensionLoader - Initializing The ZAP Getting Started Guide
2017-07-02 18:41:42,903 [ZAP-BootstrapGUI] INFO  ExtensionLoader - Initializing Passive Scan Rules
2017-07-02 18:41:42,929 [ZAP-BootstrapGUI] INFO  ExtensionLoader - Initializing ExtensionJxBrowser
2017-07-02 18:41:42,936 [ZAP-BootstrapGUI] INFO  ExtensionLoader - Initializing Quick Start panel 
2017-07-02 18:41:42,979 [ZAP-BootstrapGUI] INFO  ExtensionLoader - Initializing Translations of the core language files
2017-07-02 18:41:42,987 [ZAP-BootstrapGUI] INFO  ExtensionLoader - Initializing Tips and Tricks
2017-07-02 18:41:43,000 [ZAP-BootstrapGUI] INFO  ExtensionLoader - Initializing Easy way to replace strings in requests and responses
2017-07-02 18:41:43,025 [ZAP-BootstrapGUI] INFO  ExtensionLoader - Initializing Provides WebDrivers to control several browsers using Selenium and includes HtmlUnit browser.
2017-07-02 18:41:43,078 [ZAP-BootstrapGUI] INFO  ExtensionLoader - Initializing Allows to fuzz WebSocket messages.
2017-07-02 18:41:43,104 [ZAP-BootstrapGUI] INFO  ExtensionLoader - Initializing ExtensionJxBrowserLinux32
2017-07-02 18:41:43,121 [ZAP-BootstrapGUI] INFO  ExtensionLoader - Initializing ExtSelJxBrowserLinux32
2017-07-02 18:41:43,382 [ZAP-BootstrapGUI] INFO  ExtensionCallback - Started callback server on 0.0.0.0:39071
2017-07-02 18:41:43,453 [ZAP-BootstrapGUI] INFO  ExtensionDynSSL - Creating new root CA certificate
2017-07-02 18:41:44,005 [ZAP-BootstrapGUI] INFO  ExtensionDynSSL - New root CA certificate created
2017-07-02 18:41:52,099 [AWT-EventQueue-0] INFO  Control - New Session
2017-07-02 18:41:52,343 [AWT-EventQueue-0] INFO  Control - Create and Open Untitled Db
2017-07-02 18:41:52,456 [AWT-EventQueue-0] INFO  ENGINE - dataFileCache commit start
2017-07-02 18:41:52,492 [AWT-EventQueue-0] INFO  ENGINE - dataFileCache commit end
2017-07-02 18:41:52,602 [AWT-EventQueue-0] INFO  ENGINE - Database closed
2017-07-02 18:41:52,800 [AWT-EventQueue-0] INFO  ENGINE - open start - state not modified
2017-07-02 18:41:52,916 [AWT-EventQueue-0] INFO  ENGINE - dataFileCache open start
2017-07-02 18:41:52,940 [AWT-EventQueue-0] INFO  ENGINE - dataFileCache open end
2017-07-02 18:42:12,356 [AWT-EventQueue-0] INFO  DynamicSSLPanel - Saving Root CA certificate to /home/hacker/owasp_zap_root_ca.cer
2017-07-02 18:44:32,521 [Thread-7] INFO  ENGINE - dataFileCache commit start
2017-07-02 18:44:32,557 [Thread-7] INFO  ENGINE - dataFileCache commit end
2017-07-02 18:44:32,576 [Thread-7] INFO  ENGINE - Database closed
2017-07-02 18:44:32,713 [Thread-7] INFO  Control - OWASP ZAP 2.6.0 terminated.
2017-07-03 19:39:27,021 [main ] INFO  GuiBootstrap - OWASP ZAP 2.6.0 started 03/07/17 19:39:27
2017-07-03 19:39:27,248 [AWT-EventQueue-0] INFO  SSLConnector - Reading supported SSL/TLS protocols...
2017-07-03 19:39:27,248 [AWT-EventQueue-0] INFO  SSLConnector - Using a SSLEngine...
2017-07-03 19:39:27,368 [AWT-EventQueue-0] INFO  SSLConnector - Done reading supported SSL/TLS protocols: [SSLv2Hello, SSLv3, TLSv1, TLSv1.1, TLSv1.2]
2017-07-03 19:39:27,372 [AWT-EventQueue-0] INFO  OptionsParamCertificate - Unsafe SSL renegotiation disabled.
2017-07-03 19:39:27,778 [AWT-EventQueue-0] INFO  ENGINE - open start - state not modified
2017-07-03 19:39:27,953 [AWT-EventQueue-0] INFO  ENGINE - dataFileCache open start
2017-07-03 19:39:27,962 [AWT-EventQueue-0] INFO  ENGINE - dataFileCache open end
2017-07-03 19:39:28,403 [AWT-EventQueue-0] INFO  View - Initialising View
2017-07-03 19:39:29,146 [ZAP-BootstrapGUI] INFO  ExtensionFactory - Loading extensions
2017-07-03 19:39:30,222 [ZAP-BootstrapGUI] INFO  ExtensionFactory - Installed add-ons: [[id=reveal, fileVersion=2], [id=jxbrowserlinux64, fileVersion=1], [id=ascanrules, fileVersion=26], [id=fuzz, fileVersion=8, version=2.0.1], [id=onlineMenu, fileVersion=5], [id=saverawmessage, fileVersion=3], [id=directorylistv1, fileVersion=3], [id=alertFilters, fileVersion=4], [id=help, fileVersion=7], [id=invoke, fileVersion=6], [id=gettingStarted, fileVersion=6], [id=pscanrules, fileVersion=19], [id=jxbrowser, fileVersion=2], [id=zest, fileVersion=23], [id=quickstart, fileVersion=19], [id=scripts, fileVersion=18], [id=coreLang, fileVersion=11], [id=tips, fileVersion=6], [id=bruteforce, fileVersion=6], [id=replacer, fileVersion=2], [id=spiderAjax, fileVersion=17], [id=diff, fileVersion=7], [id=selenium, fileVersion=10, version=1.1.0], [id=webdriverlinux, fileVersion=2], [id=websocket, fileVersion=12], [id=jxbrowserlinux32, fileVersion=1]]
2017-07-03 19:39:30,585 [ZAP-BootstrapGUI] INFO  ExtensionFactory - Extensions loaded
2017-07-03 19:39:31,038 [ZAP-BootstrapGUI] INFO  FilterFactory - loaded filter Change user agent to other browsers. 
2017-07-03 19:39:31,038 [ZAP-BootstrapGUI] INFO  FilterFactory - loaded filter Detect insecure or potentially malicious content in HTTP responses.
2017-07-03 19:39:31,038 [ZAP-BootstrapGUI] INFO  FilterFactory - loaded filter Detect and alert 'Set-cookie' attempt in HTTP response for modification.
2017-07-03 19:39:31,039 [ZAP-BootstrapGUI] INFO  FilterFactory - loaded filter Avoid browser cache (strip off IfModifiedSince)
2017-07-03 19:39:31,039 [ZAP-BootstrapGUI] INFO  FilterFactory - loaded filter Log cookies sent by browser.
2017-07-03 19:39:31,039 [ZAP-BootstrapGUI] INFO  FilterFactory - loaded filter Log unique GET queries into file:filter/get.xls
2017-07-03 19:39:31,039 [ZAP-BootstrapGUI] INFO  FilterFactory - loaded filter Log unique POST queries into file:  filter/post.xls
2017-07-03 19:39:31,040 [ZAP-BootstrapGUI] INFO  FilterFactory - loaded filter Log request and response into file: filter/message.txt
2017-07-03 19:39:31,040 [ZAP-BootstrapGUI] INFO  FilterFactory - loaded filter Replace HTTP request body using defined pattern.
2017-07-03 19:39:31,040 [ZAP-BootstrapGUI] INFO  FilterFactory - loaded filter Replace HTTP request header using defined pattern.
2017-07-03 19:39:31,040 [ZAP-BootstrapGUI] INFO  FilterFactory - loaded filter Replace HTTP response body using defined pattern.
2017-07-03 19:39:31,041 [ZAP-BootstrapGUI] INFO  FilterFactory - loaded filter Replace HTTP response header using defined pattern.
2017-07-03 19:39:31,041 [ZAP-BootstrapGUI] INFO  FilterFactory - loaded filter Send ZAP session request ID
2017-07-03 19:39:31,691 [ZAP-BootstrapGUI] INFO  ExtensionLoader - Initializing Allows ZAP to check for updates
2017-07-03 19:39:31,791 [ZAP-BootstrapGUI] INFO  ExtensionLoader - Initializing ExtensionViewOption
2017-07-03 19:39:32,034 [ZAP-BootstrapGUI] INFO  ExtensionLoader - Initializing ExtensionEdit
2017-07-03 19:39:32,042 [ZAP-BootstrapGUI] INFO  ExtensionLoader - Initializing ExtensionFilter
2017-07-03 19:39:32,049 [ZAP-BootstrapGUI] INFO  ExtensionLoader - Initializing Provides a rest based API for controlling and accessing ZAP
2017-07-03 19:39:32,125 [ZAP-BootstrapGUI] INFO  ExtensionLoader - Initializing ExtensionState
2017-07-03 19:39:32,138 [ZAP-BootstrapGUI] INFO  ExtensionLoader - Initializing ExtensionReport
2017-07-03 19:39:32,148 [ZAP-BootstrapGUI] INFO  ExtensionLoader - Initializing ExtensionHistory
2017-07-03 19:39:32,301 [ZAP-BootstrapGUI] INFO  ExtensionLoader - Initializing Show hidden fields and enable disabled fields
2017-07-03 19:39:32,311 [ZAP-BootstrapGUI] INFO  ExtensionLoader - Initializing Search messages for strings and regular expressions 
2017-07-03 19:39:32,386 [ZAP-BootstrapGUI] INFO  ExtensionLoader - Initializing Encode/Decode/Hash...
2017-07-03 19:39:32,393 [ZAP-BootstrapGUI] INFO  ExtensionLoader - Initializing Allows you to intercept and modify requests and responses
2017-07-03 19:39:32,508 [ZAP-BootstrapGUI] INFO  ExtensionLoader - Initializing Passive scanner
2017-07-03 19:39:32,543 [ZAP-BootstrapGUI] INFO  ExtensionPassiveScan - loaded passive scan rule: Script Passive Scan Rules
2017-07-03 19:39:32,544 [ZAP-BootstrapGUI] INFO  ExtensionPassiveScan - loaded passive scan rule: Stats Passive Scan Rule
2017-07-03 19:39:32,545 [ZAP-BootstrapGUI] INFO  ExtensionPassiveScan - loaded passive scan rule: Application Error Disclosure
2017-07-03 19:39:32,545 [ZAP-BootstrapGUI] INFO  ExtensionPassiveScan - loaded passive scan rule: Incomplete or No Cache-control and Pragma HTTP Header Set
2017-07-03 19:39:32,549 [ZAP-BootstrapGUI] INFO  ExtensionPassiveScan - loaded passive scan rule: Content-Type Header Missing
2017-07-03 19:39:32,549 [ZAP-BootstrapGUI] INFO  ExtensionPassiveScan - loaded passive scan rule: Cookie No HttpOnly Flag
2017-07-03 19:39:32,550 [ZAP-BootstrapGUI] INFO  ExtensionPassiveScan - loaded passive scan rule: Cookie Without Secure Flag
2017-07-03 19:39:32,551 [ZAP-BootstrapGUI] INFO  ExtensionPassiveScan - loaded passive scan rule: Cross-Domain JavaScript Source File Inclusion
2017-07-03 19:39:32,552 [ZAP-BootstrapGUI] INFO  ExtensionPassiveScan - loaded passive scan rule: Web Browser XSS Protection Not Enabled
2017-07-03 19:39:32,553 [ZAP-BootstrapGUI] INFO  ExtensionPassiveScan - loaded passive scan rule: Secure Pages Include Mixed Content
2017-07-03 19:39:32,554 [ZAP-BootstrapGUI] INFO  ExtensionPassiveScan - loaded passive scan rule: Password Autocomplete in Browser
2017-07-03 19:39:32,555 [ZAP-BootstrapGUI] INFO  ExtensionPassiveScan - loaded passive scan rule: Private IP Disclosure
2017-07-03 19:39:32,556 [ZAP-BootstrapGUI] INFO  ExtensionPassiveScan - loaded passive scan rule: Session ID in URL Rewrite
2017-07-03 19:39:32,557 [ZAP-BootstrapGUI] INFO  ExtensionPassiveScan - loaded passive scan rule: X-Content-Type-Options Header Missing
2017-07-03 19:39:32,558 [ZAP-BootstrapGUI] INFO  ExtensionPassiveScan - loaded passive scan rule: X-Frame-Options Header Scanner
2017-07-03 19:39:32,580 [ZAP-BootstrapGUI] INFO  ExtensionLoader - Initializing Allows you to view and manage alerts
2017-07-03 19:39:32,596 [ZAP-BootstrapGUI] INFO  ExtensionLoader - Initializing Active scanner, heavily based on the original Paros active scanner, but with additional tests added
2017-07-03 19:39:32,683 [ZAP-BootstrapGUI] INFO  ExtensionLoader - Initializing Spider used for automatically finding URIs on a site
2017-07-03 19:39:32,741 [ZAP-BootstrapGUI] INFO  ExtensionLoader - Initializing A set of common popup menus for miscellaneous tasks
2017-07-03 19:39:32,755 [ZAP-BootstrapGUI] INFO  ExtensionLoader - Initializing Forced browsing of files and directories using code from the OWASP DirBuster tool
2017-07-03 19:39:32,802 [ZAP-BootstrapGUI] INFO  ExtensionLoader - Initializing ExtensionManualRequest
2017-07-03 19:39:32,805 [ZAP-BootstrapGUI] INFO  ExtensionLoader - Initializing Compares 2 sessions and generates an HTML file showing the differences
2017-07-03 19:39:32,813 [ZAP-BootstrapGUI] INFO  ExtensionLoader - Initializing Invoke external applications passing context related information such as URLs and parameters
2017-07-03 19:39:32,839 [ZAP-BootstrapGUI] INFO  ExtensionLoader - Initializing Handles anti cross site request forgery (CSRF) tokens
2017-07-03 19:39:32,857 [ZAP-BootstrapGUI] INFO  ExtensionLoader - Initializing ExtensionAuthentication
2017-07-03 19:39:32,873 [ZAP-BootstrapGUI] INFO  ExtensionAuthentication - Loaded authentication method types: [Form-based Authentication, HTTP/NTLM Authentication, Manual Authentication, Script-based Authentication]
2017-07-03 19:39:32,881 [ZAP-BootstrapGUI] INFO  ExtensionLoader - Initializing Creates a dynamic SSL certificate to allow SSL communications to be intercepted without warnings being generated by the browser
2017-07-03 19:39:32,910 [ZAP-BootstrapGUI] INFO  ExtensionLoader - Initializing Logs errors to the Output tab in development mode only
2017-07-03 19:39:32,916 [ZAP-BootstrapGUI] INFO  ExtensionLoader - Initializing ExtensionUserManagement
2017-07-03 19:39:32,920 [ZAP-BootstrapGUI] INFO  ExtensionLoader - Initializing Summarise and analyse FORM and URL parameters as well as cookies
2017-07-03 19:39:32,961 [ZAP-BootstrapGUI] INFO  ExtensionLoader - Initializing Script integration
2017-07-03 19:39:32,990 [ZAP-BootstrapGUI] INFO  ExtensionLoader - Initializing Scripting console, supports all JSR 223 scripting languages
2017-07-03 19:39:33,216 [ZAP-BootstrapGUI] INFO  ExtensionLoader - Initializing ExtensionForcedUser
2017-07-03 19:39:33,239 [ZAP-BootstrapGUI] INFO  ExtensionLoader - Initializing Extension handling HTTP sessions
2017-07-03 19:39:33,310 [ZAP-BootstrapGUI] INFO  ExtensionLoader - Initializing Zest is a specialized scripting language from Mozilla specifically designed to be used in security tools
2017-07-03 19:39:33,736 [ZAP-BootstrapGUI] INFO  ExtensionLoader - Initializing ExtensionDiff
2017-07-03 19:39:33,740 [ZAP-BootstrapGUI] INFO  ExtensionLoader - Initializing ExtensionRequestPostTableView
2017-07-03 19:39:33,798 [ZAP-BootstrapGUI] INFO  ExtensionLoader - Initializing ExtensionSessionManagement
2017-07-03 19:39:33,808 [ZAP-BootstrapGUI] INFO  ExtensionSessionManagement - Loaded session management method types: [Cookie-based Session Management, HTTP Authentication Session Management]
2017-07-03 19:39:33,812 [ZAP-BootstrapGUI] INFO  ExtensionLoader - Initializing ExtensionHttpPanelRequestFormTableView
2017-07-03 19:39:33,861 [ZAP-BootstrapGUI] INFO  ExtensionLoader - Initializing Capture messages from WebSockets with the ability to set breakpoints.
2017-07-03 19:39:34,143 [ZAP-BootstrapGUI] INFO  ExtensionLoader - Initializing Core UI related functionality.
2017-07-03 19:39:34,151 [ZAP-BootstrapGUI] INFO  ExtensionLoader - Initializing ExtensionAuthorization
2017-07-03 19:39:34,157 [ZAP-BootstrapGUI] INFO  ExtensionLoader - Initializing AJAX Spider, uses Crawljax
2017-07-03 19:39:34,274 [ZAP-BootstrapGUI] INFO  ExtensionLoader - Initializing Handles adding Global Excluded URLs
2017-07-03 19:39:34,308 [ZAP-BootstrapGUI] INFO  ExtensionLoader - Initializing Adds menu item to refresh the Sites tree
2017-07-03 19:39:34,326 [ZAP-BootstrapGUI] INFO  ExtensionLoader - Initializing Adds support for configurable keyboard shortcuts for all of the ZAP menus.
2017-07-03 19:39:34,358 [ZAP-BootstrapGUI] INFO  ExtensionKeyboard - Initializing keyboard shortcuts
2017-07-03 19:39:34,364 [ZAP-BootstrapGUI] INFO  ExtensionLoader - Initializing OWASP ZAP User Guide
2017-07-03 19:39:34,376 [ZAP-BootstrapGUI] INFO  ExtensionLoader - Initializing Provides a URL suitable for calling from target sites
2017-07-03 19:39:34,403 [ZAP-BootstrapGUI] INFO  ExtensionLoader - Initializing Allows you to configure which extensions are loaded when ZAP starts 
2017-07-03 19:39:34,437 [ZAP-BootstrapGUI] INFO  ExtensionLoader - Initializing ExtensionHttpPanelComponentonentAll
2017-07-03 19:39:34,474 [ZAP-BootstrapGUI] INFO  ExtensionLoader - Initializing ExtensionHttpPanelHexView
2017-07-03 19:39:34,542 [ZAP-BootstrapGUI] INFO  ExtensionLoader - Initializing ExtensionHttpPanelImageView
2017-07-03 19:39:34,548 [ZAP-BootstrapGUI] INFO  ExtensionLoader - Initializing ExtensionHttpPanelLargeRequestView
2017-07-03 19:39:34,575 [ZAP-BootstrapGUI] INFO  ExtensionLoader - Initializing ExtensionHttpPanelLargeResponseView
2017-07-03 19:39:34,592 [ZAP-BootstrapGUI] INFO  ExtensionLoader - Initializing ExtensionHttpPanelRequestQueryCookieTableView
2017-07-03 19:39:34,624 [ZAP-BootstrapGUI] INFO  ExtensionLoader - Initializing ExtensionHttpPanelSyntaxHighlightTextView
2017-07-03 19:39:34,731 [ZAP-BootstrapGUI] INFO  ExtensionLoader - Initializing Active and passive rule configuration
2017-07-03 19:39:34,743 [ZAP-BootstrapGUI] INFO  ExtensionLoader - Initializing Statistics
2017-07-03 19:39:34,752 [ZAP-BootstrapGUI] INFO  ExtensionStats - Start recording in memory stats
2017-07-03 19:39:34,754 [ZAP-BootstrapGUI] INFO  ExtensionLoader - Initializing ExtensionJxBrowserLinux64
2017-07-03 19:39:34,759 [ZAP-BootstrapGUI] INFO  ExtensionLoader - Initializing ExtSelJxBrowserLinux64
2017-07-03 19:39:34,772 [ZAP-BootstrapGUI] INFO  ExtensionLoader - Initializing Active Scan Rules
2017-07-03 19:39:34,775 [ZAP-BootstrapGUI] INFO  ExtensionLoader - Initializing Provides the foundation for concrete message types (for example, HTTP, WebSockets) expose fuzzer implementations.
2017-07-03 19:39:34,785 [ZAP-BootstrapGUI] INFO  ExtensionLoader - Initializing Allows to fuzz HTTP messages.
2017-07-03 19:39:34,835 [ZAP-BootstrapGUI] INFO  ExtensionLoader - Initializing The Online menu links
2017-07-03 19:39:34,844 [ZAP-BootstrapGUI] INFO  ExtensionLoader - Initializing ExtensionSaveRawHttpMessage
2017-07-03 19:39:34,849 [ZAP-BootstrapGUI] INFO  ExtensionLoader - Initializing Context alert rules filter
2017-07-03 19:39:34,855 [ZAP-BootstrapGUI] INFO  ExtensionLoader - Initializing The ZAP Getting Started Guide
2017-07-03 19:39:34,867 [ZAP-BootstrapGUI] INFO  ExtensionLoader - Initializing Passive Scan Rules
2017-07-03 19:39:34,871 [ZAP-BootstrapGUI] INFO  ExtensionLoader - Initializing ExtensionJxBrowser
2017-07-03 19:39:34,879 [ZAP-BootstrapGUI] INFO  ExtensionLoader - Initializing Quick Start panel 
2017-07-03 19:39:34,912 [ZAP-BootstrapGUI] INFO  ExtensionLoader - Initializing Translations of the core language files
2017-07-03 19:39:34,913 [ZAP-BootstrapGUI] INFO  ExtensionLoader - Initializing Tips and Tricks
2017-07-03 19:39:34,917 [ZAP-BootstrapGUI] INFO  ExtensionLoader - Initializing Easy way to replace strings in requests and responses
2017-07-03 19:39:34,934 [ZAP-BootstrapGUI] INFO  ExtensionLoader - Initializing Provides WebDrivers to control several browsers using Selenium and includes HtmlUnit browser.
2017-07-03 19:39:34,948 [ZAP-BootstrapGUI] INFO  ExtensionLoader - Initializing Allows to fuzz WebSocket messages.
2017-07-03 19:39:34,951 [ZAP-BootstrapGUI] INFO  ExtensionLoader - Initializing ExtensionJxBrowserLinux32
2017-07-03 19:39:34,956 [ZAP-BootstrapGUI] INFO  ExtensionLoader - Initializing ExtSelJxBrowserLinux32
2017-07-03 19:39:35,040 [ZAP-BootstrapGUI] INFO  ExtensionCallback - Started callback server on 0.0.0.0:44375
2017-07-03 19:39:35,197 [AWT-EventQueue-0] INFO  Control - New Session
2017-07-03 19:39:35,264 [AWT-EventQueue-0] INFO  Control - Create and Open Untitled Db
2017-07-03 19:39:35,276 [AWT-EventQueue-0] INFO  ENGINE - dataFileCache commit start
2017-07-03 19:39:35,278 [AWT-EventQueue-0] INFO  ENGINE - dataFileCache commit end
2017-07-03 19:39:35,286 [AWT-EventQueue-0] INFO  ENGINE - Database closed
2017-07-03 19:39:35,420 [AWT-EventQueue-0] INFO  ENGINE - open start - state not modified
2017-07-03 19:39:35,471 [AWT-EventQueue-0] INFO  ENGINE - dataFileCache open start
2017-07-03 19:39:35,480 [AWT-EventQueue-0] INFO  ENGINE - dataFileCache open end
2017-07-03 19:44:16,563 [AWT-EventQueue-0] INFO  DynamicSSLPanel - Saving Root CA certificate to /home/hacker/owasp_zap_root_ca.cer
2017-07-03 19:44:22,072 [AWT-EventQueue-0] INFO  DynamicSSLPanel - Saving Root CA certificate to /home/hacker/owasp_zap_root_ca.cer
2017-07-03 19:44:29,912 [AWT-EventQueue-0] INFO  DynamicSSLPanel - Saving Root CA certificate to /home/hacker/owasp_zap_root_ca1.cer
2017-07-03 19:52:06,095 [Thread-10] INFO  ExtensionAutoUpdate - Installing new addon jxbrowserlinux32 v2
2017-07-03 19:52:06,183 [Thread-10] INFO  ExtensionAutoUpdate - Installing new addon jxbrowserlinux64 v2
2017-07-03 19:52:06,300 [Thread-10] INFO  ExtensionAutoUpdate - Installing new addon jxbrowser v4
2017-07-03 19:52:06,400 [Thread-10] INFO  ExtensionAutoUpdate - Installing new addon replacer v3
2017-07-03 19:58:56,213 [Thread-14] INFO  ENGINE - dataFileCache commit start
2017-07-03 19:58:56,225 [Thread-14] INFO  ENGINE - dataFileCache commit end
2017-07-03 19:58:56,237 [Thread-14] INFO  ENGINE - Database closed
2017-07-03 19:58:56,338 [Thread-14] INFO  Control - OWASP ZAP 2.6.0 terminated.
